<?xml version="1.0" encoding="UTF-8"?>
<!-- Generated by org.testng.reporters.JUnitReportReporter -->
<testsuite skipped="0" hostname="Ravi-PC" name="TestScripts.ValidateLinksShouldnotDisplayISE" tests="1" failures="0" timestamp="22 Nov 2017 04:15:23 GMT" time="118.452" errors="0">
  <testcase name="ValidateLinksShouldnotDisplayISEinSampleFormsPage" time="118.452" classname="TestScripts.ValidateLinksShouldnotDisplayISE"/>
</testsuite> <!-- TestScripts.ValidateLinksShouldnotDisplayISE -->
