<?xml version="1.0" encoding="UTF-8"?>
<!-- Generated by org.testng.reporters.JUnitReportReporter -->
<testsuite skipped="0" hostname="Ravi-PC" name="TestScripts.ValidateTableDataInPricingPage" tests="1" failures="0" timestamp="22 Nov 2017 04:15:23 GMT" time="9.792" errors="0">
  <testcase name="ValidateTableData_PricingPage" time="9.792" classname="TestScripts.ValidateTableDataInPricingPage"/>
</testsuite> <!-- TestScripts.ValidateTableDataInPricingPage -->
