<?xml version="1.0" encoding="UTF-8"?>
<!-- Generated by org.testng.reporters.JUnitReportReporter -->
<testsuite skipped="0" hostname="Ravi-PC" name="TestScripts.ValidateFieldsinSampleFormsPage" tests="1" failures="0" timestamp="22 Nov 2017 04:15:23 GMT" time="14.419" errors="0">
  <testcase name="ValidateDifferentFieldsinSampleFormsPage" time="14.419" classname="TestScripts.ValidateFieldsinSampleFormsPage"/>
</testsuite> <!-- TestScripts.ValidateFieldsinSampleFormsPage -->
