<?xml version="1.0" encoding="UTF-8"?>
<!-- Generated by org.testng.reporters.JUnitReportReporter -->
<testsuite skipped="0" hostname="Ravi-PC" name="TestScripts.ValidateResetButtonFunctionality" tests="1" failures="0" timestamp="23 Nov 2017 03:25:00 GMT" time="18.070" errors="0">
  <testcase name="VerifyResetButtonFunctionality" time="18.070" classname="TestScripts.ValidateResetButtonFunctionality"/>
</testsuite> <!-- TestScripts.ValidateResetButtonFunctionality -->
