<?xml version="1.0" encoding="UTF-8"?>
<!-- Generated by org.testng.reporters.JUnitReportReporter -->
<testsuite skipped="0" hostname="Ravi-PC" name="TestScripts.ValidateDifferentTabs" tests="1" failures="0" timestamp="22 Nov 2017 04:15:23 GMT" time="21.817" errors="0">
  <testcase name="ValidateDifferentTabsNavigation" time="21.817" classname="TestScripts.ValidateDifferentTabs"/>
</testsuite> <!-- TestScripts.ValidateDifferentTabs -->
